\BOOKMARK [1][-]{section.1}{\376\377\227\000\154\102\127\372\170\100}{}% 1
\BOOKMARK [2][-]{subsection.1.1}{\376\377\227\000\154\102\166\204\133\232\116\111}{section.1}% 2
\BOOKMARK [2][-]{subsection.1.2}{\376\377\127\372\147\054\151\202\137\365\123\072\122\006}{section.1}% 3
\BOOKMARK [3][-]{subsubsection.1.2.1}{\376\377\225\356\230\230\127\337}{subsection.1.2}% 4
\BOOKMARK [3][-]{subsubsection.1.2.2}{\376\377\211\343\174\373\176\337}{subsection.1.2}% 5
\BOOKMARK [3][-]{subsubsection.1.2.3}{\376\377\217\157\116\366\211\343\121\263\225\356\230\230\166\204\127\372\170\100\377\032\152\041\142\337\116\016\121\161\116\253}{subsection.1.2}% 6
\BOOKMARK [3][-]{subsubsection.1.2.4}{\376\377\225\356\230\230\127\337\166\204\162\171\140\047}{subsection.1.2}% 7
\BOOKMARK [3][-]{subsubsection.1.2.5}{\376\377\211\343\174\373\176\337\166\204\162\171\140\047}{subsection.1.2}% 8
\BOOKMARK [3][-]{subsubsection.1.2.6}{\376\377\227\000\154\102\211\304\150\074\213\364\146\016}{subsection.1.2}% 9
\BOOKMARK [3][-]{subsubsection.1.2.7}{\376\377\227\000\154\102\137\000\123\321\166\204\137\142\137\017\123\026\133\232\116\111}{subsection.1.2}% 10
\BOOKMARK [3][-]{subsubsection.1.2.8}{\376\377\227\000\154\102\135\345\172\013\166\204\127\372\147\054\155\073\122\250\116\016\133\236\215\050}{subsection.1.2}% 11
\BOOKMARK [3][-]{subsubsection.1.2.9}{\376\377\227\000\154\102\135\345\172\013\155\073\122\250\166\204\126\360\226\276\140\047}{subsection.1.2}% 12
\BOOKMARK [3][-]{subsubsection.1.2.10}{\376\377\227\000\154\102\135\345\172\013\136\010\377\032\163\260\133\236\116\026\165\114\145\271\227\142\116\016\142\200\147\057\145\271\227\142\166\204\150\145\150\201}{subsection.1.2}% 13
\BOOKMARK [2][-]{subsection.1.3}{\376\377\227\000\154\102\166\204\134\102\153\041\140\047}{section.1}% 14
\BOOKMARK [3][-]{subsubsection.1.3.1}{\376\377\142\030\165\145\225\356\230\230\116\016\116\032\122\241\227\000\154\102}{subsection.1.3}% 15
\BOOKMARK [3][-]{subsubsection.1.3.2}{\376\377\116\373\122\241\225\356\230\230\116\016\165\050\142\067\227\000\154\102}{subsection.1.3}% 16
\BOOKMARK [3][-]{subsubsection.1.3.3}{\376\377\174\373\176\337\210\114\116\072\225\356\230\230\116\016\174\373\176\337\176\247\227\000\154\102}{subsection.1.3}% 17
\BOOKMARK [2][-]{subsection.1.4}{\376\377\227\000\154\102\166\204\122\006\174\173\116\016\210\150\217\360}{section.1}% 18
\BOOKMARK [3][-]{subsubsection.1.4.1}{\376\377\217\157\116\366\227\000\154\102\166\204\122\006\174\173}{subsection.1.4}% 19
\BOOKMARK [3][-]{subsubsection.1.4.2}{\376\377\122\237\200\375\227\000\154\102}{subsection.1.4}% 20
\BOOKMARK [3][-]{subsubsection.1.4.3}{\376\377\140\047\200\375\227\000\154\102}{subsection.1.4}% 21
\BOOKMARK [3][-]{subsubsection.1.4.4}{\376\377\215\050\221\317\134\136\140\047}{subsection.1.4}% 22
\BOOKMARK [3][-]{subsubsection.1.4.5}{\376\377\133\371\131\026\143\245\123\343}{subsection.1.4}% 23
\BOOKMARK [3][-]{subsubsection.1.4.6}{\376\377\176\246\147\137}{subsection.1.4}% 24
\BOOKMARK [3][-]{subsubsection.1.4.7}{\376\377\121\166\116\326\227\000\154\102}{subsection.1.4}% 25
\BOOKMARK [1][-]{section.2}{\376\377\227\000\154\102\135\345\172\013\217\307\172\013}{}% 26
\BOOKMARK [2][-]{subsection.2.1}{\376\377\151\202\217\360}{section.2}% 27
\BOOKMARK [2][-]{subsection.2.2}{\376\377\227\000\154\102\135\345\172\013\166\204\127\372\147\054\155\073\122\250}{section.2}% 28
\BOOKMARK [2][-]{subsection.2.3}{\376\377\227\000\154\102\137\000\123\321\217\307\172\013\146\057\217\355\116\343\124\214\136\166\123\321\166\204}{section.2}% 29
\BOOKMARK [2][-]{subsection.2.4}{\376\377\133\236\215\365\145\271\154\325\166\204\136\224\165\050}{section.2}% 30
\BOOKMARK [1][-]{section.3}{\376\377\170\156\133\232\230\171\166\356\166\204\122\115\146\157\116\016\203\003\126\364}{}% 31
\BOOKMARK [2][-]{subsection.3.1}{\376\377\137\025\212\000}{section.3}% 32
\BOOKMARK [3][-]{subsubsection.3.1.1}{\376\377\116\072\116\300\116\110\211\201\170\156\133\232\230\171\166\356\166\204\122\115\146\157\124\214\203\003\126\364}{subsection.3.1}% 33
\BOOKMARK [3][-]{subsubsection.3.1.2}{\376\377\170\156\133\232\230\171\166\356\122\115\146\157\124\214\203\003\126\364\166\204\121\163\225\056}{subsection.3.1}% 34
\BOOKMARK [3][-]{subsubsection.3.1.3}{\376\377\225\356\230\230\151\202\217\360}{subsection.3.1}% 35
\BOOKMARK [2][-]{subsection.3.2}{\376\377\225\356\230\230\122\006\147\220}{section.3}% 36
\BOOKMARK [3][-]{subsubsection.3.2.1}{\376\377\203\267\123\326\225\356\230\230}{subsection.3.2}% 37
\BOOKMARK [3][-]{subsubsection.3.2.2}{\376\377\225\356\230\230\211\343\121\263\145\271\150\110\143\317\217\360}{subsection.3.2}% 38
\BOOKMARK [3][-]{subsubsection.3.2.3}{\376\377\227\142\124\021\133\371\214\141\217\271\165\114\143\317\217\360\377\032\165\050\117\213\126\376}{subsection.3.2}% 39
\BOOKMARK [2][-]{subsection.3.3}{\376\377\166\356\150\007\122\006\147\220}{section.3}% 40
\BOOKMARK [3][-]{subsubsection.3.3.1}{\376\377\040\034\166\356\150\007\040\035\151\202\137\365\040\024\040\024\227\142\124\021\166\356\150\007\166\204\227\000\154\102\135\345\172\013\145\271\154\325}{subsection.3.3}% 41
\BOOKMARK [3][-]{subsubsection.3.3.2}{\376\377\166\356\150\007\152\041\127\213}{subsection.3.3}% 42
\BOOKMARK [4][-]{paragraph.3.3.2.1}{\376\377\166\356\150\007}{subsubsection.3.3.2}% 43
\BOOKMARK [4][-]{paragraph.3.3.2.2}{\376\377\121\163\174\373}{subsubsection.3.3.2}% 44
\BOOKMARK [3][-]{subsubsection.3.3.3}{\376\377\227\142\124\021\166\356\150\007\166\204\145\271\154\325}{subsection.3.3}% 45
\BOOKMARK [4][-]{paragraph.3.3.3.1}{\376\377\232\330\134\102\166\356\150\007\166\204\203\267\123\326}{subsubsection.3.3.3}% 46
\BOOKMARK [4][-]{paragraph.3.3.3.2}{\376\377\166\356\150\007\174\276\123\026}{subsubsection.3.3.3}% 47
\BOOKMARK [4][-]{paragraph.3.3.3.3}{\376\377\166\356\150\007\133\236\163\260}{subsubsection.3.3.3}% 48
\BOOKMARK [1][-]{section.4}{\376\377\155\211\117\027\122\006\147\220}{}% 49
\BOOKMARK [2][-]{subsection.4.1}{\376\377\116\300\116\110\146\057\155\211\117\027}{section.4}% 50
\BOOKMARK [2][-]{subsection.4.2}{\376\377\155\211\117\027\122\006\147\220\166\204\217\307\172\013}{section.4}% 51
\BOOKMARK [2][-]{subsection.4.3}{\376\377\155\211\117\027\213\306\122\053}{section.4}% 52
\BOOKMARK [3][-]{subsubsection.4.3.1}{\376\377\155\211\117\027\213\306\122\053\166\204\127\372\147\054\123\237\122\031}{subsection.4.3}% 53
\BOOKMARK [3][-]{subsubsection.4.3.2}{\376\377\213\306\122\053\155\211\117\027\166\204\145\271\154\325}{subsection.4.3}% 54
\BOOKMARK [2][-]{subsection.4.4}{\376\377\155\211\117\027\143\317\217\360}{section.4}% 55
\BOOKMARK [3][-]{subsubsection.4.4.1}{\376\377\143\317\217\360\124\352\116\233\121\205\133\271}{subsection.4.4}% 56
\BOOKMARK [3][-]{subsubsection.4.4.2}{\376\377\155\211\117\027\173\200\123\125\162\171\137\201\143\317\217\360}{subsection.4.4}% 57
\BOOKMARK [3][-]{subsubsection.4.4.3}{\376\377\155\211\117\027\155\361\136\246\117\341\140\157\143\317\217\360}{subsection.4.4}% 58
\BOOKMARK [2][-]{subsection.4.5}{\376\377\155\211\117\027\213\304\117\060}{section.4}% 59
\BOOKMARK [3][-]{subsubsection.4.5.1}{\376\377\117\030\121\110\176\247\213\304\117\060}{subsection.4.5}% 60
\BOOKMARK [3][-]{subsubsection.4.5.2}{\376\377\230\316\226\151\213\304\117\060}{subsection.4.5}% 61
\BOOKMARK [3][-]{subsubsection.4.5.3}{\376\377\121\161\215\142\122\006\147\220}{subsection.4.5}% 62
\BOOKMARK [3][-]{subsubsection.4.5.4}{\376\377\122\051\165\050\166\356\150\007\152\041\127\213\155\361\121\145\213\304\117\060\155\211\117\027}{subsection.4.5}% 63
\BOOKMARK [2][-]{subsection.4.6}{\376\377\155\211\117\027\116\343\210\150\220\011\142\351}{section.4}% 64
\BOOKMARK [3][-]{subsubsection.4.6.1}{\376\377\155\211\117\027\221\307\150\067}{subsection.4.6}% 65
\BOOKMARK [3][-]{subsubsection.4.6.2}{\376\377\165\050\142\067\146\377\116\343\156\220}{subsection.4.6}% 66
\BOOKMARK [2][-]{subsection.4.7}{\376\377\155\211\117\027\123\302\116\016\173\126\165\145\122\066\133\232}{section.4}% 67
\BOOKMARK [3][-]{subsubsection.4.7.1}{\376\377\122\066\133\232\155\211\117\027\123\302\116\016\166\204\127\372\147\054\173\126\165\145}{subsection.4.7}% 68
\BOOKMARK [3][-]{subsubsection.4.7.2}{\376\377\145\117\143\167\145\271\154\325\040\024\040\024\165\050\142\067\123\302\116\016}{subsection.4.7}% 69
\BOOKMARK [1][-]{section.5}{\376\377\127\372\116\216\165\050\117\213\000/\127\072\146\157\152\041\127\213\134\125\137\000\165\050\142\067\227\000\154\102\203\267\123\326}{}% 70
\BOOKMARK [2][-]{subsection.5.1}{\376\377\165\050\142\067\227\000\154\102\166\204\176\304\176\307}{section.5}% 71
\BOOKMARK [2][-]{subsection.5.2}{\376\377\127\072\146\157}{section.5}% 72
\BOOKMARK [2][-]{subsection.5.3}{\376\377\127\072\146\157\116\016\165\050\117\213\127\050\227\000\154\102\135\345\172\013\116\055\166\204\133\232\117\115}{section.5}% 73
\BOOKMARK [1][-]{section.6}{\376\377\227\142\214\010}{}% 74
\BOOKMARK [2][-]{subsection.6.1}{\376\377\151\202\217\360}{section.6}% 75
\BOOKMARK [2][-]{subsection.6.2}{\376\377\121\306\131\007\227\142\214\010}{section.6}% 76
\BOOKMARK [3][-]{subsubsection.6.2.1}{\376\377\121\306\131\007\135\345\117\134}{subsection.6.2}% 77
\BOOKMARK [3][-]{subsubsection.6.2.2}{\376\377\225\356\230\230\174\173\127\213}{subsection.6.2}% 78
\BOOKMARK [3][-]{subsubsection.6.2.3}{\376\377\225\356\230\230\121\306\131\007}{subsection.6.2}% 79
\BOOKMARK [3][-]{subsubsection.6.2.4}{\376\377\227\142\214\010\200\314\124\016\166\204\211\201\160\271\377\032\123\326\137\227\040\034\121\161\140\305\040\035\116\016\040\034\166\356\150\007\040\035\166\204\136\163\210\141}{subsection.6.2}% 80
\BOOKMARK [2][-]{subsection.6.3}{\376\377\116\073\143\001\227\142\214\010}{section.6}% 81
\BOOKMARK [3][-]{subsubsection.6.3.1}{\376\377\227\142\214\010\137\000\131\313\226\066\153\265}{subsection.6.3}% 82
\BOOKMARK [3][-]{subsubsection.6.3.2}{\376\377\227\142\214\010\116\073\117\123\226\066\153\265}{subsection.6.3}% 83
\BOOKMARK [3][-]{subsubsection.6.3.3}{\376\377\227\142\214\010\176\323\147\137\226\066\153\265}{subsection.6.3}% 84
\BOOKMARK [3][-]{subsubsection.6.3.4}{\376\377\131\004\164\006\227\142\214\010\176\323\147\234}{subsection.6.3}% 85
\BOOKMARK [2][-]{subsection.6.4}{\376\377\227\142\214\010\166\204\174\173\127\213}{section.6}% 86
\BOOKMARK [2][-]{subsection.6.5}{\376\377\227\142\214\010\166\204\117\030\160\271\124\214\134\100\226\120\140\047}{section.6}% 87
\BOOKMARK [2][-]{subsection.6.6}{\376\377\124\214\227\142\214\010\166\370\121\163\166\204\121\166\116\326\227\000\154\102\203\267\123\326\145\271\154\325}{section.6}% 88
\BOOKMARK [3][-]{subsubsection.6.6.1}{\376\377\177\244\117\123\227\142\214\010}{subsection.6.6}% 89
\BOOKMARK [3][-]{subsubsection.6.6.2}{\376\377\214\003\147\345\225\356\123\167}{subsection.6.6}% 90
\BOOKMARK [3][-]{subsubsection.6.6.3}{\376\377\131\064\201\021\230\316\146\264}{subsection.6.6}% 91
\BOOKMARK [1][-]{section.7}{\376\377\123\237\127\213}{}% 92
\BOOKMARK [2][-]{subsection.7.1}{\376\377\123\237\127\213\123\312\123\237\127\213\154\325\151\202\217\360}{section.7}% 93
\BOOKMARK [3][-]{subsubsection.7.1.1}{\376\377\116\300\116\110\146\057\123\237\127\213}{subsection.7.1}% 94
\BOOKMARK [3][-]{subsubsection.7.1.2}{\376\377\116\072\116\300\116\110\211\201\117\177\165\050\123\237\127\213}{subsection.7.1}% 95
\BOOKMARK [2][-]{subsection.7.2}{\376\377\117\177\165\050\123\237\127\213\154\325\217\333\210\114\227\000\154\102\203\267\123\326}{section.7}% 96
\BOOKMARK [3][-]{subsubsection.7.2.1}{\376\377\127\372\147\054\217\307\172\013}{subsection.7.2}% 97
\BOOKMARK [3][-]{subsubsection.7.2.2}{\376\377\170\156\133\232\123\237\127\213\227\000\154\102}{subsection.7.2}% 98
\BOOKMARK [3][-]{subsubsection.7.2.3}{\376\377\123\237\127\213\137\000\123\321}{subsection.7.2}% 99
\BOOKMARK [3][-]{subsubsection.7.2.4}{\376\377\123\237\127\213\213\304\117\060}{subsection.7.2}% 100
\BOOKMARK [3][-]{subsubsection.7.2.5}{\376\377\123\237\127\213\117\356\153\143}{subsection.7.2}% 101
\BOOKMARK [2][-]{subsection.7.3}{\376\377\142\233\137\003\137\017\123\237\127\213\116\016\157\024\123\026\137\017\123\237\127\213}{section.7}% 102
\BOOKMARK [2][-]{subsection.7.4}{\376\377\143\247\122\066\123\237\127\213\137\000\123\321\142\020\147\054}{section.7}% 103
\BOOKMARK [3][-]{subsubsection.7.4.1}{\376\377\117\235\143\156\142\233\137\003\137\017\162\171\137\201\143\247\122\066\123\237\127\213\142\020\147\054}{subsection.7.4}% 104
\BOOKMARK [3][-]{subsubsection.7.4.2}{\376\377\143\247\122\066\154\064\136\163\123\237\127\213\166\204\137\000\123\321\142\020\147\054}{subsection.7.4}% 105
\BOOKMARK [3][-]{subsubsection.7.4.3}{\376\377\165\050\134\075\221\317\173\200\123\125\166\204\116\313\215\050\226\115\117\116\142\020\147\054}{subsection.7.4}% 106
\BOOKMARK [2][-]{subsection.7.5}{\376\377\125\204\165\050\145\105\116\213\147\177\123\237\127\213}{section.7}% 107
\BOOKMARK [2][-]{subsection.7.6}{\376\377\123\237\127\213\145\271\154\325\166\204\230\316\226\151}{section.7}% 108
\BOOKMARK [2][-]{subsection.7.7}{\376\377\140\073\176\323}{section.7}% 109
\BOOKMARK [1][-]{section.8}{\376\377\211\302\133\337\116\016\145\207\150\143\133\241\147\345}{}% 110
\BOOKMARK [2][-]{subsection.8.1}{\376\377\211\302\133\337\166\204\140\305\130\203\220\002\165\050\140\047}{section.8}% 111
\BOOKMARK [2][-]{subsection.8.2}{\376\377\211\302\133\337\145\271\154\325\166\204\136\224\165\050}{section.8}% 112
\BOOKMARK [3][-]{subsubsection.8.2.1}{\376\377\221\307\150\067\211\302\133\337}{subsection.8.2}% 113
\BOOKMARK [3][-]{subsubsection.8.2.2}{\376\377\154\021\145\317\137\327}{subsection.8.2}% 114
\BOOKMARK [2][-]{subsection.8.3}{\376\377\145\207\150\143\133\241\147\345\145\271\154\325\166\204\136\224\165\050}{section.8}% 115
\BOOKMARK [1][-]{section.9}{\376\377\227\000\154\102\122\006\147\220\151\202\217\360}{}% 116
\BOOKMARK [2][-]{subsection.9.1}{\376\377\227\000\154\102\122\006\147\220\166\204\150\071\147\054\116\373\122\241}{section.9}% 117
\BOOKMARK [3][-]{subsubsection.9.1.1}{\376\377\136\372\172\313\122\006\147\220\152\041\127\213}{subsection.9.1}% 118
\BOOKMARK [4][-]{paragraph.9.1.1.1}{\376\377\152\041\127\213}{subsubsection.9.1.1}% 119
\BOOKMARK [4][-]{paragraph.9.1.1.2}{\376\377\116\044\116\052\116\026\165\114\116\016\116\011\171\315\152\041\127\213}{subsubsection.9.1.1}% 120
\BOOKMARK [4][-]{paragraph.9.1.1.3}{\376\377\227\000\154\102\136\372\152\041}{subsubsection.9.1.1}% 121
\BOOKMARK [3][-]{subsubsection.9.1.2}{\376\377\136\372\172\313\211\343\121\263\145\271\150\110}{subsection.9.1}% 122
\BOOKMARK [2][-]{subsection.9.2}{\376\377\227\000\154\102\122\006\147\220\145\271\154\325}{section.9}% 123
\BOOKMARK [2][-]{subsection.9.3}{\376\377\227\000\154\102\122\006\147\220\166\204\155\073\122\250}{section.9}% 124
\BOOKMARK [3][-]{subsubsection.9.3.1}{\376\377\227\000\154\102\176\306\123\026}{subsection.9.3}% 125
\BOOKMARK [3][-]{subsubsection.9.3.2}{\376\377\170\156\133\232\227\000\154\102\117\030\121\110\176\247}{subsection.9.3}% 126
\BOOKMARK [3][-]{subsubsection.9.3.3}{\376\377\227\000\154\102\123\117\125\106}{subsection.9.3}% 127
\BOOKMARK [1][-]{section.10}{\376\377\227\142\124\021\133\371\214\141\136\372\152\041}{}% 128
\BOOKMARK [2][-]{subsection.10.1}{\376\377\227\142\124\021\133\371\214\141\122\006\147\220}{section.10}% 129
\BOOKMARK [3][-]{subsubsection.10.1.1}{\376\377\163\260\133\236\116\026\165\114\166\204\131\015\147\102\152\041\127\213}{subsection.10.1}% 130
\BOOKMARK [3][-]{subsubsection.10.1.2}{\376\377\146\040\134\004\163\260\133\236\152\041\127\213\166\204\227\142\124\021\133\371\214\141\140\035\140\363}{subsection.10.1}% 131
\BOOKMARK [3][-]{subsubsection.10.1.3}{\376\377\127\372\116\216\000U\000M\000L\166\204\227\142\124\021\133\371\214\141\122\006\147\220}{subsection.10.1}% 132
\BOOKMARK [2][-]{subsection.10.2}{\376\377\133\371\214\141\152\041\127\213}{section.10}% 133
\BOOKMARK [3][-]{subsubsection.10.2.1}{\376\377\133\371\214\141}{subsection.10.2}% 134
\BOOKMARK [3][-]{subsubsection.10.2.2}{\376\377\133\371\214\141\116\113\225\364\166\204\121\163\174\373}{subsection.10.2}% 135
\BOOKMARK [3][-]{subsubsection.10.2.3}{\376\377\174\173}{subsection.10.2}% 136
\BOOKMARK [3][-]{subsubsection.10.2.4}{\376\377\174\173\116\113\225\364\166\204\121\163\174\373}{subsection.10.2}% 137
\BOOKMARK [3][-]{subsubsection.10.2.5}{\376\377\230\206\127\337\152\041\127\213}{subsection.10.2}% 138
\BOOKMARK [2][-]{subsection.10.3}{\376\377\136\372\172\313\230\206\127\337\152\041\127\213}{section.10}% 139
\BOOKMARK [3][-]{subsubsection.10.3.1}{\376\377\213\306\122\053\120\031\220\011\133\371\214\141\116\016\174\173}{subsection.10.3}% 140
\BOOKMARK [3][-]{subsubsection.10.3.2}{\376\377\170\156\133\232\151\202\137\365\174\173}{subsection.10.3}% 141
\BOOKMARK [3][-]{subsubsection.10.3.3}{\376\377\136\372\172\313\174\173\116\113\225\364\166\204\121\163\200\124}{subsection.10.3}% 142
\BOOKMARK [3][-]{subsubsection.10.3.4}{\376\377\155\373\122\240\174\173\166\204\221\315\211\201\134\136\140\047}{subsection.10.3}% 143
\BOOKMARK [3][-]{subsubsection.10.3.5}{\376\377\230\206\127\337\152\041\127\213\166\204\122\006\147\220\117\134\165\050}{subsection.10.3}% 144
\BOOKMARK [2][-]{subsection.10.4}{\376\377\210\114\116\072\152\041\127\213\040\024\040\024\116\244\116\222\126\376}{section.10}% 145
\BOOKMARK [3][-]{subsubsection.10.4.1}{\376\377\230\172\136\217\126\376}{subsection.10.4}% 146
\BOOKMARK [3][-]{subsubsection.10.4.2}{\376\377\174\373\176\337\230\172\136\217\126\376}{subsection.10.4}% 147
\BOOKMARK [2][-]{subsection.10.5}{\376\377\136\372\172\313\116\244\116\222\126\376}{section.10}% 148
\BOOKMARK [3][-]{subsubsection.10.5.1}{\376\377\136\372\172\313\121\170\127\213\127\072\146\157\166\204\174\373\176\337\230\172\136\217\126\376}{subsection.10.5}% 149
\BOOKMARK [3][-]{subsubsection.10.5.2}{\376\377\136\372\172\313\165\050\117\213\377\010\131\032\127\072\146\157\377\011\166\204\174\373\176\337\230\172\136\217\126\376}{subsection.10.5}% 150
\BOOKMARK [3][-]{subsubsection.10.5.3}{\376\377\136\372\172\313\213\346\176\306\230\172\136\217\126\376}{subsection.10.5}% 151
\BOOKMARK [3][-]{subsubsection.10.5.4}{\376\377\116\244\116\222\126\376\166\204\122\006\147\220\117\134\165\050}{subsection.10.5}% 152
\BOOKMARK [2][-]{subsection.10.6}{\376\377\210\114\116\072\152\041\127\213\040\024\040\024\162\266\140\001\126\376}{section.10}% 153
\BOOKMARK [3][-]{subsubsection.10.6.1}{\376\377\162\266\140\001\126\376\151\202\213\272}{subsection.10.6}% 154
\BOOKMARK [3][-]{subsubsection.10.6.2}{\376\377\147\011\226\120\162\266\140\001\147\072}{subsection.10.6}% 155
\BOOKMARK [3][-]{subsubsection.10.6.3}{\376\377\162\266\140\001\126\376\133\236\117\213}{subsection.10.6}% 156
\BOOKMARK [2][-]{subsection.10.7}{\376\377\136\372\172\313\162\266\140\001\126\376}{section.10}% 157
\BOOKMARK [3][-]{subsubsection.10.7.1}{\376\377\127\372\116\216\162\266\140\001\217\154\171\373\167\351\226\065\136\372\172\313\162\266\140\001\126\376}{subsection.10.7}% 158
\BOOKMARK [3][-]{subsubsection.10.7.2}{\376\377\162\266\140\001\126\376\166\204\122\006\147\220\117\134\165\050}{subsection.10.7}% 159
\BOOKMARK [2][-]{subsection.10.8}{\376\377\133\371\214\141\176\246\147\137\213\355\212\000\000O\000C\000L}{section.10}% 160
\BOOKMARK [3][-]{subsubsection.10.8.1}{\376\377\133\371\214\141\176\246\147\137\213\355\212\000\171\072\117\213}{subsection.10.8}% 161
\BOOKMARK [3][-]{subsubsection.10.8.2}{\376\377\133\371\214\141\176\246\147\137\213\355\212\000\166\204\136\224\165\050}{subsection.10.8}% 162
\BOOKMARK [2][-]{subsection.10.9}{\376\377\117\177\165\050\133\371\214\141\176\246\147\137\213\355\212\000\136\372\172\313\131\121\176\246\213\364\146\016}{section.10}% 163
\BOOKMARK [1][-]{section.11}{\376\377\227\000\154\102\232\214\213\301}{}% 164
\BOOKMARK [2][-]{subsection.11.1}{\376\377\232\214\213\301\116\016\170\156\213\244}{section.11}% 165
\BOOKMARK [3][-]{subsubsection.11.1.1}{\376\377\151\202\137\365\137\025\121\145}{subsection.11.1}% 166
\BOOKMARK [3][-]{subsubsection.11.1.2}{\376\377\227\000\154\102\232\214\213\301\155\073\122\250}{subsection.11.1}% 167
\BOOKMARK [2][-]{subsection.11.2}{\376\377\227\000\154\102\232\214\213\301\145\271\154\325}{section.11}% 168
\BOOKMARK [3][-]{subsubsection.11.2.1}{\376\377\227\000\154\102\213\304\133\241}{subsection.11.2}% 169
\BOOKMARK [3][-]{subsubsection.11.2.2}{\376\377\123\237\127\213\116\016\152\041\142\337}{subsection.11.2}% 170
\BOOKMARK [3][-]{subsubsection.11.2.3}{\376\377\137\000\123\321\155\113\213\325\165\050\117\213}{subsection.11.2}% 171
\BOOKMARK [3][-]{subsubsection.11.2.4}{\376\377\165\050\142\067\142\113\121\214\177\026\122\066}{subsection.11.2}% 172
\BOOKMARK [3][-]{subsubsection.11.2.5}{\376\377\122\051\165\050\215\337\216\052\121\163\174\373}{subsection.11.2}% 173
\BOOKMARK [3][-]{subsubsection.11.2.6}{\376\377\201\352\122\250\123\026\122\006\147\220}{subsection.11.2}% 174
\BOOKMARK [2][-]{subsection.11.3}{\376\377\225\356\230\230\117\356\153\143}{section.11}% 175
\BOOKMARK [1][-]{section.12}{\376\377\227\000\154\102\173\241\164\006}{}% 176
\BOOKMARK [2][-]{subsection.12.1}{\376\377\227\000\154\102\173\241\164\006\151\202\217\360}{section.12}% 177
\BOOKMARK [2][-]{subsection.12.2}{\376\377\176\364\142\244\227\000\154\102\127\372\176\277}{section.12}% 178
\BOOKMARK [3][-]{subsubsection.12.2.1}{\376\377\227\000\154\102\127\372\176\277}{subsection.12.2}% 179
\BOOKMARK [3][-]{subsubsection.12.2.2}{\376\377\227\000\154\102\127\372\176\277\166\204\121\205\133\271}{subsection.12.2}% 180
\BOOKMARK [3][-]{subsubsection.12.2.3}{\376\377\227\000\154\102\127\372\176\277\166\204\176\364\142\244}{subsection.12.2}% 181
\BOOKMARK [2][-]{subsection.12.3}{\376\377\133\236\163\260\227\000\154\102\215\337\216\052}{section.12}% 182
\BOOKMARK [3][-]{subsubsection.12.3.1}{\376\377\227\000\154\102\215\337\216\052}{subsection.12.3}% 183
\BOOKMARK [3][-]{subsubsection.12.3.2}{\376\377\227\000\154\102\215\337\216\052\166\204\133\236\163\260\145\271\154\325}{subsection.12.3}% 184
\BOOKMARK [3][-]{subsubsection.12.3.3}{\376\377\227\000\154\102\215\337\216\052\217\307\172\013\166\204\136\372\172\313}{subsection.12.3}% 185
\BOOKMARK [3][-]{subsubsection.12.3.4}{\376\377\227\000\154\102\117\235\215\126}{subsection.12.3}% 186
\BOOKMARK [2][-]{subsection.12.4}{\376\377\227\000\154\102\123\330\146\364\143\247\122\066}{section.12}% 187
\BOOKMARK [3][-]{subsubsection.12.4.1}{\376\377\227\000\154\102\123\330\123\026}{subsection.12.4}% 188
\BOOKMARK [3][-]{subsubsection.12.4.2}{\376\377\123\330\146\364\143\247\122\066\217\307\172\013}{subsection.12.4}% 189
\BOOKMARK [3][-]{subsubsection.12.4.3}{\376\377\123\330\146\364\143\247\122\066\116\055\166\204\154\350\141\017\116\213\230\171}{subsection.12.4}% 190
